<?xml version="1.0" encoding="UTF-8"?>
<!-- Generated by org.testng.reporters.JUnitReportReporter -->
<testsuite hostname="Teju" failures="0" tests="3" name="TestNgKeyWords.DependsOnMethods" time="0.072" errors="1" timestamp="2023-12-23T13:21:59 IST" skipped="1">
  <testcase classname="TestNgKeyWords.DependsOnMethods" name="payment" time="0.005">
    <system-out>
      <![CDATA[Payment done]]>
    </system-out>
  </testcase> <!-- payment -->
  <testcase classname="TestNgKeyWords.DependsOnMethods" name="couponCode2" time="0.067">
    <error message="Method TestNgKeyWords.DependsOnMethods.couponCode2() didn&#039;t finish within the time-out 30" type="org.testng.internal.thread.ThreadTimeoutException">
      <![CDATA[org.testng.internal.thread.ThreadTimeoutException: Method TestNgKeyWords.DependsOnMethods.couponCode2() didn't finish within the time-out 30
at java.base@17.0.8/java.lang.Thread.sleep(Native Method)
at app//TestNgKeyWords.DependsOnMethods.couponCode2(DependsOnMethods.java:18)
at java.base@17.0.8/jdk.internal.reflect.NativeMethodAccessorImpl.invoke0(Native Method)
at java.base@17.0.8/jdk.internal.reflect.NativeMethodAccessorImpl.invoke(NativeMethodAccessorImpl.java:77)
at java.base@17.0.8/jdk.internal.reflect.DelegatingMethodAccessorImpl.invoke(DelegatingMethodAccessorImpl.java:43)
at java.base@17.0.8/java.lang.reflect.Method.invoke(Method.java:568)
at app//org.testng.internal.invokers.MethodInvocationHelper.invokeMethod(MethodInvocationHelper.java:139)
at app//org.testng.internal.invokers.InvokeMethodRunnable.runOne(InvokeMethodRunnable.java:47)
at app//org.testng.internal.invokers.InvokeMethodRunnable.call(InvokeMethodRunnable.java:76)
at app//org.testng.internal.invokers.InvokeMethodRunnable.call(InvokeMethodRunnable.java:11)
at java.base@17.0.8/java.util.concurrent.FutureTask.run(FutureTask.java:264)
at java.base@17.0.8/java.util.concurrent.ThreadPoolExecutor.runWorker(ThreadPoolExecutor.java:1136)
at java.base@17.0.8/java.util.concurrent.ThreadPoolExecutor$Worker.run(ThreadPoolExecutor.java:635)
at java.base@17.0.8/java.lang.Thread.run(Thread.java:833)
]]>
    </error>
  </testcase> <!-- couponCode2 -->
  <testcase classname="TestNgKeyWords.DependsOnMethods" name="discount" time="0.000">
    <skipped/>
  </testcase> <!-- discount -->
  <system-out>
    <![CDATA[Payment done]]>
  </system-out>
</testsuite> <!-- TestNgKeyWords.DependsOnMethods -->
